<?xml version="1.0" encoding="UTF-8"?>
<testng-results ignored="0" total="24" passed="21" failed="3" skipped="0">
  <reporter-output>
  </reporter-output>
  <suite started-at="2023-09-12T10:51:35 IST" name="Suite" finished-at="2023-09-12T11:14:48 IST" duration-ms="1393004">
    <groups>
    </groups>
    <test started-at="2023-09-12T10:51:35 IST" name="Test" finished-at="2023-09-12T11:14:48 IST" duration-ms="1393004">
      <class name="test_Scripts.PLP_Web.PLP075">
        <test-method is-config="true" signature="browserSetup()[pri:0, instance:test_Scripts.PLP_Web.PLP075@16eb3ea3]" started-at="2023-09-12T10:58:12 IST" name="browserSetup" finished-at="2023-09-12T10:58:12 IST" duration-ms="1" status="PASS">
          <reporter-output>
          </reporter-output>
        </test-method> <!-- browserSetup -->
        <test-method signature="main()[pri:0, instance:test_Scripts.PLP_Web.PLP075@16eb3ea3]" started-at="2023-09-12T10:58:12 IST" name="main" finished-at="2023-09-12T10:58:21 IST" duration-ms="9331" status="PASS">
          <reporter-output>
          </reporter-output>
        </test-method> <!-- main -->
        <test-method is-config="true" signature="CloseApp()[pri:0, instance:test_Scripts.PLP_Web.PLP075@16eb3ea3]" started-at="2023-09-12T10:58:21 IST" name="CloseApp" finished-at="2023-09-12T10:58:22 IST" duration-ms="616" status="PASS">
          <reporter-output>
          </reporter-output>
        </test-method> <!-- CloseApp -->
      </class> <!-- test_Scripts.PLP_Web.PLP075 -->
      <class name="test_Scripts.PLP_Web.PLP020">
        <test-method is-config="true" signature="browserSetup()[pri:0, instance:test_Scripts.PLP_Web.PLP020@6caf0677]" started-at="2023-09-12T10:57:53 IST" name="browserSetup" finished-at="2023-09-12T10:57:53 IST" duration-ms="0" status="PASS">
          <reporter-output>
          </reporter-output>
        </test-method> <!-- browserSetup -->
        <test-method signature="main()[pri:0, instance:test_Scripts.PLP_Web.PLP020@6caf0677]" started-at="2023-09-12T10:57:53 IST" name="main" finished-at="2023-09-12T10:58:03 IST" duration-ms="9977" status="PASS">
          <reporter-output>
          </reporter-output>
        </test-method> <!-- main -->
        <test-method is-config="true" signature="CloseApp()[pri:0, instance:test_Scripts.PLP_Web.PLP020@6caf0677]" started-at="2023-09-12T10:58:03 IST" name="CloseApp" finished-at="2023-09-12T10:58:03 IST" duration-ms="492" status="PASS">
          <reporter-output>
          </reporter-output>
        </test-method> <!-- CloseApp -->
      </class> <!-- test_Scripts.PLP_Web.PLP020 -->
      <class name="test_Scripts.PDP_Web.PDP005">
        <test-method signature="main()[pri:0, instance:test_Scripts.PDP_Web.PDP005@5524cca1]" started-at="2023-09-12T11:00:47 IST" name="main" finished-at="2023-09-12T11:01:27 IST" duration-ms="39703" status="FAIL">
          <exception class="org.openqa.selenium.NoSuchElementException">
            <message>
              <![CDATA[An element could not be located on the page using the given search parameters.
For documentation on this error, please visit: http://seleniumhq.org/exceptions/no_such_element.html
Build info: version: '3.14.0', revision: 'aacccce0', time: '2018-08-02T20:19:58.91Z'
System info: host: 'FFE-MEKALA-RUPE', ip: '10.10.30.42', os.name: 'Windows 10', os.arch: 'amd64', os.version: '10.0', java.version: '17.0.8.1'
Driver info: io.appium.java_client.android.AndroidDriver
Capabilities {databaseEnabled: false, desired: {newCommandTimeout: 0, noReset: true, platformName: android}, deviceApiLevel: 31, deviceManufacturer: samsung, deviceModel: SM-A135F, deviceName: RZ8T60RAEPB, deviceScreenDensity: 450, deviceScreenSize: 1080x2408, deviceUDID: RZ8T60RAEPB, javascriptEnabled: true, locationContextEnabled: false, networkConnectionEnabled: true, newCommandTimeout: 0, noReset: true, pixelRatio: 2.8125, platform: LINUX, platformName: Android, platformVersion: 12, statBarHeight: 66, takesScreenshot: true, viewportRect: {height: 2142, left: 0, top: 66, width: 1080}, warnings: {}, webStorageEnabled: false}
Session ID: aa65b102-247b-42fe-84b2-7b2729717f46
*** Element info: {Using=xpath, value=//android.widget.TextView[@resource-id='android:id/message_text']}]]>
            </message>
            <full-stacktrace>
              <![CDATA[org.openqa.selenium.NoSuchElementException: An element could not be located on the page using the given search parameters.
For documentation on this error, please visit: http://seleniumhq.org/exceptions/no_such_element.html
Build info: version: '3.14.0', revision: 'aacccce0', time: '2018-08-02T20:19:58.91Z'
System info: host: 'FFE-MEKALA-RUPE', ip: '10.10.30.42', os.name: 'Windows 10', os.arch: 'amd64', os.version: '10.0', java.version: '17.0.8.1'
Driver info: io.appium.java_client.android.AndroidDriver
Capabilities {databaseEnabled: false, desired: {newCommandTimeout: 0, noReset: true, platformName: android}, deviceApiLevel: 31, deviceManufacturer: samsung, deviceModel: SM-A135F, deviceName: RZ8T60RAEPB, deviceScreenDensity: 450, deviceScreenSize: 1080x2408, deviceUDID: RZ8T60RAEPB, javascriptEnabled: true, locationContextEnabled: false, networkConnectionEnabled: true, newCommandTimeout: 0, noReset: true, pixelRatio: 2.8125, platform: LINUX, platformName: Android, platformVersion: 12, statBarHeight: 66, takesScreenshot: true, viewportRect: {height: 2142, left: 0, top: 66, width: 1080}, warnings: {}, webStorageEnabled: false}
Session ID: aa65b102-247b-42fe-84b2-7b2729717f46
*** Element info: {Using=xpath, value=//android.widget.TextView[@resource-id='android:id/message_text']}
at java.base/jdk.internal.reflect.NativeConstructorAccessorImpl.newInstance0(Native Method)
at java.base/jdk.internal.reflect.NativeConstructorAccessorImpl.newInstance(NativeConstructorAccessorImpl.java:77)
at java.base/jdk.internal.reflect.DelegatingConstructorAccessorImpl.newInstance(DelegatingConstructorAccessorImpl.java:45)
at java.base/java.lang.reflect.Constructor.newInstanceWithCaller(Constructor.java:499)
at java.base/java.lang.reflect.Constructor.newInstance(Constructor.java:480)
at org.openqa.selenium.remote.http.W3CHttpResponseCodec.createException(W3CHttpResponseCodec.java:187)
at org.openqa.selenium.remote.http.W3CHttpResponseCodec.decode(W3CHttpResponseCodec.java:122)
at org.openqa.selenium.remote.http.W3CHttpResponseCodec.decode(W3CHttpResponseCodec.java:49)
at org.openqa.selenium.remote.HttpCommandExecutor.execute(HttpCommandExecutor.java:158)
at io.appium.java_client.remote.AppiumCommandExecutor.execute(AppiumCommandExecutor.java:239)
at org.openqa.selenium.remote.RemoteWebDriver.execute(RemoteWebDriver.java:548)
at io.appium.java_client.DefaultGenericMobileDriver.execute(DefaultGenericMobileDriver.java:41)
at io.appium.java_client.AppiumDriver.execute(AppiumDriver.java:1)
at io.appium.java_client.android.AndroidDriver.execute(AndroidDriver.java:1)
at org.openqa.selenium.remote.RemoteWebDriver.findElement(RemoteWebDriver.java:322)
at io.appium.java_client.DefaultGenericMobileDriver.findElement(DefaultGenericMobileDriver.java:61)
at io.appium.java_client.AppiumDriver.findElement(AppiumDriver.java:1)
at io.appium.java_client.android.AndroidDriver.findElement(AndroidDriver.java:1)
at org.openqa.selenium.remote.RemoteWebDriver.findElementByXPath(RemoteWebDriver.java:424)
at io.appium.java_client.DefaultGenericMobileDriver.findElementByXPath(DefaultGenericMobileDriver.java:151)
at io.appium.java_client.AppiumDriver.findElementByXPath(AppiumDriver.java:1)
at io.appium.java_client.android.AndroidDriver.findElementByXPath(AndroidDriver.java:1)
at org.openqa.selenium.By$ByXPath.findElement(By.java:353)
at org.openqa.selenium.remote.RemoteWebDriver.findElement(RemoteWebDriver.java:314)
at io.appium.java_client.DefaultGenericMobileDriver.findElement(DefaultGenericMobileDriver.java:57)
at io.appium.java_client.AppiumDriver.findElement(AppiumDriver.java:1)
at io.appium.java_client.android.AndroidDriver.findElement(AndroidDriver.java:1)
at generic.StepGroups.Get_OTP_from_Notification_Bar(StepGroups.java:388)
at generic.StepGroups.Login_to_Pantaloons(StepGroups.java:271)
at test_Scripts.PDP_Web.PDP005.main(PDP005.java:47)
at java.base/jdk.internal.reflect.NativeMethodAccessorImpl.invoke0(Native Method)
at java.base/jdk.internal.reflect.NativeMethodAccessorImpl.invoke(NativeMethodAccessorImpl.java:77)
at java.base/jdk.internal.reflect.DelegatingMethodAccessorImpl.invoke(DelegatingMethodAccessorImpl.java:43)
at java.base/java.lang.reflect.Method.invoke(Method.java:568)
at org.testng.internal.invokers.MethodInvocationHelper.invokeMethod(MethodInvocationHelper.java:139)
at org.testng.internal.invokers.TestInvoker.invokeMethod(TestInvoker.java:664)
at org.testng.internal.invokers.TestInvoker.invokeTestMethod(TestInvoker.java:227)
at org.testng.internal.invokers.MethodRunner.runInSequence(MethodRunner.java:50)
at org.testng.internal.invokers.TestInvoker$MethodInvocationAgent.invoke(TestInvoker.java:957)
at org.testng.internal.invokers.TestInvoker.invokeTestMethods(TestInvoker.java:200)
at org.testng.internal.invokers.TestMethodWorker.invokeTestMethods(TestMethodWorker.java:148)
at org.testng.internal.invokers.TestMethodWorker.run(TestMethodWorker.java:128)
at java.base/java.util.ArrayList.forEach(ArrayList.java:1511)
at org.testng.TestRunner.privateRun(TestRunner.java:848)
at org.testng.TestRunner.run(TestRunner.java:621)
at org.testng.SuiteRunner.runTest(SuiteRunner.java:443)
at org.testng.SuiteRunner.runSequentially(SuiteRunner.java:437)
at org.testng.SuiteRunner.privateRun(SuiteRunner.java:397)
at org.testng.SuiteRunner.run(SuiteRunner.java:336)
at org.testng.SuiteRunnerWorker.runSuite(SuiteRunnerWorker.java:52)
at org.testng.SuiteRunnerWorker.run(SuiteRunnerWorker.java:95)
at org.testng.TestNG.runSuitesSequentially(TestNG.java:1280)
at org.testng.TestNG.runSuitesLocally(TestNG.java:1200)
at org.testng.TestNG.runSuites(TestNG.java:1114)
at org.testng.TestNG.run(TestNG.java:1082)
at org.testng.remote.AbstractRemoteTestNG.run(AbstractRemoteTestNG.java:115)
at org.testng.remote.RemoteTestNG.initAndRun(RemoteTestNG.java:251)
at org.testng.remote.RemoteTestNG.main(RemoteTestNG.java:77)
]]>
            </full-stacktrace>
          </exception> <!-- org.openqa.selenium.NoSuchElementException -->
          <reporter-output>
          </reporter-output>
        </test-method> <!-- main -->
        <test-method is-config="true" signature="browserSetup()[pri:0, instance:test_Scripts.PDP_Web.PDP005@5524cca1]" started-at="2023-09-12T11:00:47 IST" name="browserSetup" finished-at="2023-09-12T11:00:47 IST" duration-ms="0" status="PASS">
          <reporter-output>
          </reporter-output>
        </test-method> <!-- browserSetup -->
        <test-method is-config="true" signature="CloseApp()[pri:0, instance:test_Scripts.PDP_Web.PDP005@5524cca1]" started-at="2023-09-12T11:01:47 IST" name="CloseApp" finished-at="2023-09-12T11:01:48 IST" duration-ms="906" status="PASS">
          <reporter-output>
          </reporter-output>
        </test-method> <!-- CloseApp -->
      </class> <!-- test_Scripts.PDP_Web.PDP005 -->
      <class name="test_Scripts.My_Orders_Web.MO012">
        <test-method is-config="true" signature="browserSetup()[pri:0, instance:test_Scripts.My_Orders_Web.MO012@48bb62]" started-at="2023-09-12T11:03:53 IST" name="browserSetup" finished-at="2023-09-12T11:03:53 IST" duration-ms="0" status="PASS">
          <reporter-output>
          </reporter-output>
        </test-method> <!-- browserSetup -->
        <test-method signature="main()[pri:1, instance:test_Scripts.My_Orders_Web.MO012@48bb62]" started-at="2023-09-12T11:03:53 IST" name="main" finished-at="2023-09-12T11:04:40 IST" duration-ms="47348" status="PASS">
          <reporter-output>
          </reporter-output>
        </test-method> <!-- main -->
        <test-method is-config="true" signature="CloseApp()[pri:0, instance:test_Scripts.My_Orders_Web.MO012@48bb62]" started-at="2023-09-12T11:04:40 IST" name="CloseApp" finished-at="2023-09-12T11:04:41 IST" duration-ms="561" status="PASS">
          <reporter-output>
          </reporter-output>
        </test-method> <!-- CloseApp -->
      </class> <!-- test_Scripts.My_Orders_Web.MO012 -->
      <class name="test_Scripts.Checkout_web.CO046">
        <test-method signature="main()[pri:0, instance:test_Scripts.Checkout_web.CO046@4681c175]" started-at="2023-09-12T11:05:35 IST" name="main" finished-at="2023-09-12T11:07:16 IST" duration-ms="101496" status="PASS">
          <reporter-output>
          </reporter-output>
        </test-method> <!-- main -->
        <test-method is-config="true" signature="browserSetup()[pri:0, instance:test_Scripts.Checkout_web.CO046@4681c175]" started-at="2023-09-12T11:05:35 IST" name="browserSetup" finished-at="2023-09-12T11:05:35 IST" duration-ms="0" status="PASS">
          <reporter-output>
          </reporter-output>
        </test-method> <!-- browserSetup -->
        <test-method is-config="true" signature="CloseApp()[pri:0, instance:test_Scripts.Checkout_web.CO046@4681c175]" started-at="2023-09-12T11:07:16 IST" name="CloseApp" finished-at="2023-09-12T11:07:17 IST" duration-ms="651" status="PASS">
          <reporter-output>
          </reporter-output>
        </test-method> <!-- CloseApp -->
      </class> <!-- test_Scripts.Checkout_web.CO046 -->
      <class name="test_Scripts.My_Account_Web.AC0019">
        <test-method signature="main()[pri:0, instance:test_Scripts.My_Account_Web.AC0019@402c4085]" started-at="2023-09-12T11:09:19 IST" name="main" finished-at="2023-09-12T11:10:58 IST" duration-ms="99621" status="PASS">
          <reporter-output>
          </reporter-output>
        </test-method> <!-- main -->
        <test-method is-config="true" signature="browserSetup()[pri:0, instance:test_Scripts.My_Account_Web.AC0019@402c4085]" started-at="2023-09-12T11:09:19 IST" name="browserSetup" finished-at="2023-09-12T11:09:19 IST" duration-ms="0" status="PASS">
          <reporter-output>
          </reporter-output>
        </test-method> <!-- browserSetup -->
        <test-method is-config="true" signature="CloseApp()[pri:0, instance:test_Scripts.My_Account_Web.AC0019@402c4085]" started-at="2023-09-12T11:10:58 IST" name="CloseApp" finished-at="2023-09-12T11:10:59 IST" duration-ms="777" status="PASS">
          <reporter-output>
          </reporter-output>
        </test-method> <!-- CloseApp -->
      </class> <!-- test_Scripts.My_Account_Web.AC0019 -->
      <class name="test_Scripts.PLP_Web.PLP007">
        <test-method is-config="true" signature="browserSetup()[pri:0, instance:test_Scripts.PLP_Web.PLP007@645aa696]" started-at="2023-09-12T10:57:43 IST" name="browserSetup" finished-at="2023-09-12T10:57:43 IST" duration-ms="0" status="PASS">
          <reporter-output>
          </reporter-output>
        </test-method> <!-- browserSetup -->
        <test-method signature="main()[pri:0, instance:test_Scripts.PLP_Web.PLP007@645aa696]" started-at="2023-09-12T10:57:43 IST" name="main" finished-at="2023-09-12T10:57:52 IST" duration-ms="9135" status="PASS">
          <reporter-output>
          </reporter-output>
        </test-method> <!-- main -->
        <test-method is-config="true" signature="CloseApp()[pri:0, instance:test_Scripts.PLP_Web.PLP007@645aa696]" started-at="2023-09-12T10:57:52 IST" name="CloseApp" finished-at="2023-09-12T10:57:53 IST" duration-ms="540" status="PASS">
          <reporter-output>
          </reporter-output>
        </test-method> <!-- CloseApp -->
      </class> <!-- test_Scripts.PLP_Web.PLP007 -->
      <class name="test_Scripts.Payment_web.PA005">
        <test-method is-config="true" signature="browserSetup()[pri:0, instance:test_Scripts.Payment_web.PA005@57a78e3]" started-at="2023-09-12T11:07:17 IST" name="browserSetup" finished-at="2023-09-12T11:07:17 IST" duration-ms="2" status="PASS">
          <reporter-output>
          </reporter-output>
        </test-method> <!-- browserSetup -->
        <test-method signature="main()[pri:0, instance:test_Scripts.Payment_web.PA005@57a78e3]" started-at="2023-09-12T11:07:17 IST" name="main" finished-at="2023-09-12T11:08:57 IST" duration-ms="100346" status="FAIL">
          <exception class="org.openqa.selenium.NoSuchElementException">
            <message>
              <![CDATA[no such element: Unable to locate element: {"method":"xpath","selector":"//div[contains(text(),'Order Summary')]"}
  (Session info: chrome=116.0.5845.182)
For documentation on this error, please visit: http://seleniumhq.org/exceptions/no_such_element.html
Build info: version: '3.14.0', revision: 'aacccce0', time: '2018-08-02T20:19:58.91Z'
System info: host: 'FFE-MEKALA-RUPE', ip: '10.10.30.42', os.name: 'Windows 10', os.arch: 'amd64', os.version: '10.0', java.version: '17.0.8.1'
Driver info: org.openqa.selenium.chrome.ChromeDriver
Capabilities {acceptInsecureCerts: false, browserName: chrome, browserVersion: 116.0.5845.182, chrome: {chromedriverVersion: 116.0.5845.96 (1a3918166880..., userDataDir: C:\Users\User\AppData\Local...}, fedcm:accounts: true, goog:chromeOptions: {debuggerAddress: localhost:54701}, javascriptEnabled: true, networkConnectionEnabled: false, pageLoadStrategy: normal, platform: WINDOWS, platformName: WINDOWS, proxy: Proxy(), setWindowRect: true, strictFileInteractability: false, timeouts: {implicit: 0, pageLoad: 300000, script: 30000}, unhandledPromptBehavior: dismiss and notify, webauthn:extension:credBlob: true, webauthn:extension:largeBlob: true, webauthn:extension:minPinLength: true, webauthn:extension:prf: true, webauthn:virtualAuthenticators: true}
Session ID: abdd59f4e3054b433b68a5c8587e983f
*** Element info: {Using=xpath, value=//div[contains(text(),'Order Summary')]}]]>
            </message>
            <full-stacktrace>
              <![CDATA[org.openqa.selenium.NoSuchElementException: no such element: Unable to locate element: {"method":"xpath","selector":"//div[contains(text(),'Order Summary')]"}
  (Session info: chrome=116.0.5845.182)
For documentation on this error, please visit: http://seleniumhq.org/exceptions/no_such_element.html
Build info: version: '3.14.0', revision: 'aacccce0', time: '2018-08-02T20:19:58.91Z'
System info: host: 'FFE-MEKALA-RUPE', ip: '10.10.30.42', os.name: 'Windows 10', os.arch: 'amd64', os.version: '10.0', java.version: '17.0.8.1'
Driver info: org.openqa.selenium.chrome.ChromeDriver
Capabilities {acceptInsecureCerts: false, browserName: chrome, browserVersion: 116.0.5845.182, chrome: {chromedriverVersion: 116.0.5845.96 (1a3918166880..., userDataDir: C:\Users\User\AppData\Local...}, fedcm:accounts: true, goog:chromeOptions: {debuggerAddress: localhost:54701}, javascriptEnabled: true, networkConnectionEnabled: false, pageLoadStrategy: normal, platform: WINDOWS, platformName: WINDOWS, proxy: Proxy(), setWindowRect: true, strictFileInteractability: false, timeouts: {implicit: 0, pageLoad: 300000, script: 30000}, unhandledPromptBehavior: dismiss and notify, webauthn:extension:credBlob: true, webauthn:extension:largeBlob: true, webauthn:extension:minPinLength: true, webauthn:extension:prf: true, webauthn:virtualAuthenticators: true}
Session ID: abdd59f4e3054b433b68a5c8587e983f
*** Element info: {Using=xpath, value=//div[contains(text(),'Order Summary')]}
at java.base/jdk.internal.reflect.NativeConstructorAccessorImpl.newInstance0(Native Method)
at java.base/jdk.internal.reflect.NativeConstructorAccessorImpl.newInstance(NativeConstructorAccessorImpl.java:77)
at java.base/jdk.internal.reflect.DelegatingConstructorAccessorImpl.newInstance(DelegatingConstructorAccessorImpl.java:45)
at java.base/java.lang.reflect.Constructor.newInstanceWithCaller(Constructor.java:499)
at java.base/java.lang.reflect.Constructor.newInstance(Constructor.java:480)
at org.openqa.selenium.remote.http.W3CHttpResponseCodec.createException(W3CHttpResponseCodec.java:187)
at org.openqa.selenium.remote.http.W3CHttpResponseCodec.decode(W3CHttpResponseCodec.java:122)
at org.openqa.selenium.remote.http.W3CHttpResponseCodec.decode(W3CHttpResponseCodec.java:49)
at org.openqa.selenium.remote.HttpCommandExecutor.execute(HttpCommandExecutor.java:158)
at org.openqa.selenium.remote.service.DriverCommandExecutor.execute(DriverCommandExecutor.java:83)
at org.openqa.selenium.remote.RemoteWebDriver.execute(RemoteWebDriver.java:548)
at org.openqa.selenium.remote.RemoteWebDriver.findElement(RemoteWebDriver.java:322)
at org.openqa.selenium.remote.RemoteWebDriver.findElementByXPath(RemoteWebDriver.java:424)
at org.openqa.selenium.By$ByXPath.findElement(By.java:353)
at org.openqa.selenium.remote.RemoteWebDriver.findElement(RemoteWebDriver.java:314)
at org.openqa.selenium.support.pagefactory.DefaultElementLocator.findElement(DefaultElementLocator.java:69)
at org.openqa.selenium.support.pagefactory.internal.LocatingElementHandler.invoke(LocatingElementHandler.java:38)
at jdk.proxy2/jdk.proxy2.$Proxy15.getWrappedElement(Unknown Source)
at org.openqa.selenium.remote.internal.WebElementToJsonConverter.apply(WebElementToJsonConverter.java:50)
at java.base/java.util.stream.ReferencePipeline$3$1.accept(ReferencePipeline.java:197)
at java.base/java.util.Spliterators$ArraySpliterator.forEachRemaining(Spliterators.java:992)
at java.base/java.util.stream.AbstractPipeline.copyInto(AbstractPipeline.java:509)
at java.base/java.util.stream.AbstractPipeline.wrapAndCopyInto(AbstractPipeline.java:499)
at java.base/java.util.stream.ReduceOps$ReduceOp.evaluateSequential(ReduceOps.java:921)
at java.base/java.util.stream.AbstractPipeline.evaluate(AbstractPipeline.java:234)
at java.base/java.util.stream.ReferencePipeline.collect(ReferencePipeline.java:682)
at org.openqa.selenium.remote.RemoteWebDriver.executeScript(RemoteWebDriver.java:480)
at test_Scripts.Payment_web.PA005.main(PA005.java:67)
at java.base/jdk.internal.reflect.NativeMethodAccessorImpl.invoke0(Native Method)
at java.base/jdk.internal.reflect.NativeMethodAccessorImpl.invoke(NativeMethodAccessorImpl.java:77)
at java.base/jdk.internal.reflect.DelegatingMethodAccessorImpl.invoke(DelegatingMethodAccessorImpl.java:43)
at java.base/java.lang.reflect.Method.invoke(Method.java:568)
at org.testng.internal.invokers.MethodInvocationHelper.invokeMethod(MethodInvocationHelper.java:139)
at org.testng.internal.invokers.TestInvoker.invokeMethod(TestInvoker.java:664)
at org.testng.internal.invokers.TestInvoker.invokeTestMethod(TestInvoker.java:227)
at org.testng.internal.invokers.MethodRunner.runInSequence(MethodRunner.java:50)
at org.testng.internal.invokers.TestInvoker$MethodInvocationAgent.invoke(TestInvoker.java:957)
at org.testng.internal.invokers.TestInvoker.invokeTestMethods(TestInvoker.java:200)
at org.testng.internal.invokers.TestMethodWorker.invokeTestMethods(TestMethodWorker.java:148)
at org.testng.internal.invokers.TestMethodWorker.run(TestMethodWorker.java:128)
at java.base/java.util.ArrayList.forEach(ArrayList.java:1511)
at org.testng.TestRunner.privateRun(TestRunner.java:848)
at org.testng.TestRunner.run(TestRunner.java:621)
at org.testng.SuiteRunner.runTest(SuiteRunner.java:443)
at org.testng.SuiteRunner.runSequentially(SuiteRunner.java:437)
at org.testng.SuiteRunner.privateRun(SuiteRunner.java:397)
at org.testng.SuiteRunner.run(SuiteRunner.java:336)
at org.testng.SuiteRunnerWorker.runSuite(SuiteRunnerWorker.java:52)
at org.testng.SuiteRunnerWorker.run(SuiteRunnerWorker.java:95)
at org.testng.TestNG.runSuitesSequentially(TestNG.java:1280)
at org.testng.TestNG.runSuitesLocally(TestNG.java:1200)
at org.testng.TestNG.runSuites(TestNG.java:1114)
at org.testng.TestNG.run(TestNG.java:1082)
at org.testng.remote.AbstractRemoteTestNG.run(AbstractRemoteTestNG.java:115)
at org.testng.remote.RemoteTestNG.initAndRun(RemoteTestNG.java:251)
at org.testng.remote.RemoteTestNG.main(RemoteTestNG.java:77)
]]>
            </full-stacktrace>
          </exception> <!-- org.openqa.selenium.NoSuchElementException -->
          <reporter-output>
          </reporter-output>
        </test-method> <!-- main -->
        <test-method is-config="true" signature="CloseApp()[pri:0, instance:test_Scripts.Payment_web.PA005@57a78e3]" started-at="2023-09-12T11:09:18 IST" name="CloseApp" finished-at="2023-09-12T11:09:19 IST" duration-ms="702" status="PASS">
          <reporter-output>
          </reporter-output>
        </test-method> <!-- CloseApp -->
      </class> <!-- test_Scripts.Payment_web.PA005 -->
      <class name="test_Scripts.PDP_Web.PDP058">
        <test-method is-config="true" signature="browserSetup()[pri:0, instance:test_Scripts.PDP_Web.PDP058@5b218417]" started-at="2023-09-12T10:53:50 IST" name="browserSetup" finished-at="2023-09-12T10:53:50 IST" duration-ms="0" status="PASS">
          <reporter-output>
          </reporter-output>
        </test-method> <!-- browserSetup -->
        <test-method signature="main()[pri:0, instance:test_Scripts.PDP_Web.PDP058@5b218417]" started-at="2023-09-12T10:53:50 IST" name="main" finished-at="2023-09-12T10:57:42 IST" duration-ms="232213" status="PASS">
          <reporter-output>
          </reporter-output>
        </test-method> <!-- main -->
        <test-method is-config="true" signature="CloseApp()[pri:0, instance:test_Scripts.PDP_Web.PDP058@5b218417]" started-at="2023-09-12T10:57:42 IST" name="CloseApp" finished-at="2023-09-12T10:57:43 IST" duration-ms="1366" status="PASS">
          <reporter-output>
          </reporter-output>
        </test-method> <!-- CloseApp -->
      </class> <!-- test_Scripts.PDP_Web.PDP058 -->
      <class name="test_Scripts.PDP_Web.PDP034">
        <test-method is-config="true" signature="browserSetup()[pri:0, instance:test_Scripts.PDP_Web.PDP034@5032714f]" started-at="2023-09-12T11:01:48 IST" name="browserSetup" finished-at="2023-09-12T11:01:48 IST" duration-ms="0" status="PASS">
          <reporter-output>
          </reporter-output>
        </test-method> <!-- browserSetup -->
        <test-method signature="main()[pri:0, instance:test_Scripts.PDP_Web.PDP034@5032714f]" started-at="2023-09-12T11:01:48 IST" name="main" finished-at="2023-09-12T11:03:52 IST" duration-ms="123761" status="PASS">
          <reporter-output>
          </reporter-output>
        </test-method> <!-- main -->
        <test-method is-config="true" signature="CloseApp()[pri:0, instance:test_Scripts.PDP_Web.PDP034@5032714f]" started-at="2023-09-12T11:03:52 IST" name="CloseApp" finished-at="2023-09-12T11:03:53 IST" duration-ms="894" status="PASS">
          <reporter-output>
          </reporter-output>
        </test-method> <!-- CloseApp -->
      </class> <!-- test_Scripts.PDP_Web.PDP034 -->
      <class name="test_Scripts.PDP_Web.PDP045">
        <test-method is-config="true" signature="browserSetup()[pri:0, instance:test_Scripts.PDP_Web.PDP045@cc43f62]" started-at="2023-09-12T10:53:18 IST" name="browserSetup" finished-at="2023-09-12T10:53:18 IST" duration-ms="1" status="PASS">
          <reporter-output>
          </reporter-output>
        </test-method> <!-- browserSetup -->
        <test-method signature="main()[pri:0, instance:test_Scripts.PDP_Web.PDP045@cc43f62]" started-at="2023-09-12T10:53:18 IST" name="main" finished-at="2023-09-12T10:53:49 IST" duration-ms="31351" status="PASS">
          <reporter-output>
          </reporter-output>
        </test-method> <!-- main -->
        <test-method is-config="true" signature="CloseApp()[pri:0, instance:test_Scripts.PDP_Web.PDP045@cc43f62]" started-at="2023-09-12T10:53:49 IST" name="CloseApp" finished-at="2023-09-12T10:53:50 IST" duration-ms="738" status="PASS">
          <reporter-output>
          </reporter-output>
        </test-method> <!-- CloseApp -->
      </class> <!-- test_Scripts.PDP_Web.PDP045 -->
      <class name="test_Scripts.My_Bag_Web.MB011">
        <test-method signature="main()[pri:0, instance:test_Scripts.My_Bag_Web.MB011@353352b6]" started-at="2023-09-12T11:04:41 IST" name="main" finished-at="2023-09-12T11:05:34 IST" duration-ms="53359" status="PASS">
          <reporter-output>
          </reporter-output>
        </test-method> <!-- main -->
        <test-method is-config="true" signature="browserSetup()[pri:0, instance:test_Scripts.My_Bag_Web.MB011@353352b6]" started-at="2023-09-12T11:04:41 IST" name="browserSetup" finished-at="2023-09-12T11:04:41 IST" duration-ms="0" status="PASS">
          <reporter-output>
          </reporter-output>
        </test-method> <!-- browserSetup -->
        <test-method is-config="true" signature="CloseApp()[pri:0, instance:test_Scripts.My_Bag_Web.MB011@353352b6]" started-at="2023-09-12T11:05:34 IST" name="CloseApp" finished-at="2023-09-12T11:05:35 IST" duration-ms="546" status="PASS">
          <reporter-output>
          </reporter-output>
        </test-method> <!-- CloseApp -->
      </class> <!-- test_Scripts.My_Bag_Web.MB011 -->
      <class name="test_Scripts.Wishlist_Web.WSL029">
        <test-method is-config="true" signature="browserSetup()[pri:0, instance:test_Scripts.Wishlist_Web.WSL029@710c2b53]" started-at="2023-09-12T11:13:35 IST" name="browserSetup" finished-at="2023-09-12T11:13:35 IST" duration-ms="1" status="PASS">
          <reporter-output>
          </reporter-output>
        </test-method> <!-- browserSetup -->
        <test-method signature="main()[pri:1, instance:test_Scripts.Wishlist_Web.WSL029@710c2b53]" started-at="2023-09-12T11:13:35 IST" name="main" finished-at="2023-09-12T11:14:27 IST" duration-ms="51594" status="FAIL">
          <exception class="org.openqa.selenium.NoSuchElementException">
            <message>
              <![CDATA[An element could not be located on the page using the given search parameters.
For documentation on this error, please visit: http://seleniumhq.org/exceptions/no_such_element.html
Build info: version: '3.14.0', revision: 'aacccce0', time: '2018-08-02T20:19:58.91Z'
System info: host: 'FFE-MEKALA-RUPE', ip: '10.10.30.42', os.name: 'Windows 10', os.arch: 'amd64', os.version: '10.0', java.version: '17.0.8.1'
Driver info: io.appium.java_client.android.AndroidDriver
Capabilities {databaseEnabled: false, desired: {newCommandTimeout: 0, noReset: true, platformName: android}, deviceApiLevel: 31, deviceManufacturer: samsung, deviceModel: SM-A135F, deviceName: RZ8T60RAEPB, deviceScreenDensity: 450, deviceScreenSize: 1080x2408, deviceUDID: RZ8T60RAEPB, javascriptEnabled: true, locationContextEnabled: false, networkConnectionEnabled: true, newCommandTimeout: 0, noReset: true, pixelRatio: 2.8125, platform: LINUX, platformName: Android, platformVersion: 12, statBarHeight: 66, takesScreenshot: true, viewportRect: {height: 2142, left: 0, top: 66, width: 1080}, warnings: {}, webStorageEnabled: false}
Session ID: 2312ddb1-e474-45c8-9ecb-17eb17cefe8c
*** Element info: {Using=xpath, value=//android.widget.TextView[@resource-id='android:id/message_text']}]]>
            </message>
            <full-stacktrace>
              <![CDATA[org.openqa.selenium.NoSuchElementException: An element could not be located on the page using the given search parameters.
For documentation on this error, please visit: http://seleniumhq.org/exceptions/no_such_element.html
Build info: version: '3.14.0', revision: 'aacccce0', time: '2018-08-02T20:19:58.91Z'
System info: host: 'FFE-MEKALA-RUPE', ip: '10.10.30.42', os.name: 'Windows 10', os.arch: 'amd64', os.version: '10.0', java.version: '17.0.8.1'
Driver info: io.appium.java_client.android.AndroidDriver
Capabilities {databaseEnabled: false, desired: {newCommandTimeout: 0, noReset: true, platformName: android}, deviceApiLevel: 31, deviceManufacturer: samsung, deviceModel: SM-A135F, deviceName: RZ8T60RAEPB, deviceScreenDensity: 450, deviceScreenSize: 1080x2408, deviceUDID: RZ8T60RAEPB, javascriptEnabled: true, locationContextEnabled: false, networkConnectionEnabled: true, newCommandTimeout: 0, noReset: true, pixelRatio: 2.8125, platform: LINUX, platformName: Android, platformVersion: 12, statBarHeight: 66, takesScreenshot: true, viewportRect: {height: 2142, left: 0, top: 66, width: 1080}, warnings: {}, webStorageEnabled: false}
Session ID: 2312ddb1-e474-45c8-9ecb-17eb17cefe8c
*** Element info: {Using=xpath, value=//android.widget.TextView[@resource-id='android:id/message_text']}
at java.base/jdk.internal.reflect.NativeConstructorAccessorImpl.newInstance0(Native Method)
at java.base/jdk.internal.reflect.NativeConstructorAccessorImpl.newInstance(NativeConstructorAccessorImpl.java:77)
at java.base/jdk.internal.reflect.DelegatingConstructorAccessorImpl.newInstance(DelegatingConstructorAccessorImpl.java:45)
at java.base/java.lang.reflect.Constructor.newInstanceWithCaller(Constructor.java:499)
at java.base/java.lang.reflect.Constructor.newInstance(Constructor.java:480)
at org.openqa.selenium.remote.http.W3CHttpResponseCodec.createException(W3CHttpResponseCodec.java:187)
at org.openqa.selenium.remote.http.W3CHttpResponseCodec.decode(W3CHttpResponseCodec.java:122)
at org.openqa.selenium.remote.http.W3CHttpResponseCodec.decode(W3CHttpResponseCodec.java:49)
at org.openqa.selenium.remote.HttpCommandExecutor.execute(HttpCommandExecutor.java:158)
at io.appium.java_client.remote.AppiumCommandExecutor.execute(AppiumCommandExecutor.java:239)
at org.openqa.selenium.remote.RemoteWebDriver.execute(RemoteWebDriver.java:548)
at io.appium.java_client.DefaultGenericMobileDriver.execute(DefaultGenericMobileDriver.java:41)
at io.appium.java_client.AppiumDriver.execute(AppiumDriver.java:1)
at io.appium.java_client.android.AndroidDriver.execute(AndroidDriver.java:1)
at org.openqa.selenium.remote.RemoteWebDriver.findElement(RemoteWebDriver.java:322)
at io.appium.java_client.DefaultGenericMobileDriver.findElement(DefaultGenericMobileDriver.java:61)
at io.appium.java_client.AppiumDriver.findElement(AppiumDriver.java:1)
at io.appium.java_client.android.AndroidDriver.findElement(AndroidDriver.java:1)
at org.openqa.selenium.remote.RemoteWebDriver.findElementByXPath(RemoteWebDriver.java:424)
at io.appium.java_client.DefaultGenericMobileDriver.findElementByXPath(DefaultGenericMobileDriver.java:151)
at io.appium.java_client.AppiumDriver.findElementByXPath(AppiumDriver.java:1)
at io.appium.java_client.android.AndroidDriver.findElementByXPath(AndroidDriver.java:1)
at org.openqa.selenium.By$ByXPath.findElement(By.java:353)
at org.openqa.selenium.remote.RemoteWebDriver.findElement(RemoteWebDriver.java:314)
at io.appium.java_client.DefaultGenericMobileDriver.findElement(DefaultGenericMobileDriver.java:57)
at io.appium.java_client.AppiumDriver.findElement(AppiumDriver.java:1)
at io.appium.java_client.android.AndroidDriver.findElement(AndroidDriver.java:1)
at generic.StepGroups.Get_OTP_from_Notification_Bar(StepGroups.java:388)
at generic.StepGroups.Login_to_Pantaloons(StepGroups.java:271)
at test_Scripts.Wishlist_Web.WSL029.main(WSL029.java:39)
at java.base/jdk.internal.reflect.NativeMethodAccessorImpl.invoke0(Native Method)
at java.base/jdk.internal.reflect.NativeMethodAccessorImpl.invoke(NativeMethodAccessorImpl.java:77)
at java.base/jdk.internal.reflect.DelegatingMethodAccessorImpl.invoke(DelegatingMethodAccessorImpl.java:43)
at java.base/java.lang.reflect.Method.invoke(Method.java:568)
at org.testng.internal.invokers.MethodInvocationHelper.invokeMethod(MethodInvocationHelper.java:139)
at org.testng.internal.invokers.TestInvoker.invokeMethod(TestInvoker.java:664)
at org.testng.internal.invokers.TestInvoker.invokeTestMethod(TestInvoker.java:227)
at org.testng.internal.invokers.MethodRunner.runInSequence(MethodRunner.java:50)
at org.testng.internal.invokers.TestInvoker$MethodInvocationAgent.invoke(TestInvoker.java:957)
at org.testng.internal.invokers.TestInvoker.invokeTestMethods(TestInvoker.java:200)
at org.testng.internal.invokers.TestMethodWorker.invokeTestMethods(TestMethodWorker.java:148)
at org.testng.internal.invokers.TestMethodWorker.run(TestMethodWorker.java:128)
at java.base/java.util.ArrayList.forEach(ArrayList.java:1511)
at org.testng.TestRunner.privateRun(TestRunner.java:848)
at org.testng.TestRunner.run(TestRunner.java:621)
at org.testng.SuiteRunner.runTest(SuiteRunner.java:443)
at org.testng.SuiteRunner.runSequentially(SuiteRunner.java:437)
at org.testng.SuiteRunner.privateRun(SuiteRunner.java:397)
at org.testng.SuiteRunner.run(SuiteRunner.java:336)
at org.testng.SuiteRunnerWorker.runSuite(SuiteRunnerWorker.java:52)
at org.testng.SuiteRunnerWorker.run(SuiteRunnerWorker.java:95)
at org.testng.TestNG.runSuitesSequentially(TestNG.java:1280)
at org.testng.TestNG.runSuitesLocally(TestNG.java:1200)
at org.testng.TestNG.runSuites(TestNG.java:1114)
at org.testng.TestNG.run(TestNG.java:1082)
at org.testng.remote.AbstractRemoteTestNG.run(AbstractRemoteTestNG.java:115)
at org.testng.remote.RemoteTestNG.initAndRun(RemoteTestNG.java:251)
at org.testng.remote.RemoteTestNG.main(RemoteTestNG.java:77)
]]>
            </full-stacktrace>
          </exception> <!-- org.openqa.selenium.NoSuchElementException -->
          <reporter-output>
          </reporter-output>
        </test-method> <!-- main -->
        <test-method is-config="true" signature="CloseApp()[pri:0, instance:test_Scripts.Wishlist_Web.WSL029@710c2b53]" started-at="2023-09-12T11:14:48 IST" name="CloseApp" finished-at="2023-09-12T11:14:48 IST" duration-ms="379" status="PASS">
          <reporter-output>
          </reporter-output>
        </test-method> <!-- CloseApp -->
      </class> <!-- test_Scripts.Wishlist_Web.WSL029 -->
      <class name="test_Scripts.Wishlist_Web.WS016">
        <test-method is-config="true" signature="browserSetup()[pri:0, instance:test_Scripts.Wishlist_Web.WS016@2767e23c]" started-at="2023-09-12T11:11:38 IST" name="browserSetup" finished-at="2023-09-12T11:11:38 IST" duration-ms="1" status="PASS">
          <reporter-output>
          </reporter-output>
        </test-method> <!-- browserSetup -->
        <test-method signature="main()[pri:1, instance:test_Scripts.Wishlist_Web.WS016@2767e23c]" started-at="2023-09-12T11:11:38 IST" name="main" finished-at="2023-09-12T11:13:34 IST" duration-ms="116048" status="PASS">
          <reporter-output>
          </reporter-output>
        </test-method> <!-- main -->
        <test-method is-config="true" signature="CloseApp()[pri:0, instance:test_Scripts.Wishlist_Web.WS016@2767e23c]" started-at="2023-09-12T11:13:34 IST" name="CloseApp" finished-at="2023-09-12T11:13:35 IST" duration-ms="1174" status="PASS">
          <reporter-output>
          </reporter-output>
        </test-method> <!-- CloseApp -->
      </class> <!-- test_Scripts.Wishlist_Web.WS016 -->
      <class name="test_Scripts.My_Bag_Web.MB016">
        <test-method is-config="true" signature="browserSetup()[pri:0, instance:test_Scripts.My_Bag_Web.MB016@33bc72d1]" started-at="2023-09-12T10:58:59 IST" name="browserSetup" finished-at="2023-09-12T10:58:59 IST" duration-ms="0" status="PASS">
          <reporter-output>
          </reporter-output>
        </test-method> <!-- browserSetup -->
        <test-method signature="main()[pri:0, instance:test_Scripts.My_Bag_Web.MB016@33bc72d1]" started-at="2023-09-12T10:58:59 IST" name="main" finished-at="2023-09-12T10:59:49 IST" duration-ms="50249" status="PASS">
          <reporter-output>
          </reporter-output>
        </test-method> <!-- main -->
        <test-method is-config="true" signature="CloseApp()[pri:0, instance:test_Scripts.My_Bag_Web.MB016@33bc72d1]" started-at="2023-09-12T10:59:49 IST" name="CloseApp" finished-at="2023-09-12T10:59:50 IST" duration-ms="795" status="PASS">
          <reporter-output>
          </reporter-output>
        </test-method> <!-- CloseApp -->
      </class> <!-- test_Scripts.My_Bag_Web.MB016 -->
      <class name="test_Scripts.SE002">
        <test-method is-config="true" signature="browserSetup()[pri:0, instance:test_Scripts.SE002@2cb4893b]" started-at="2023-09-12T10:53:06 IST" name="browserSetup" finished-at="2023-09-12T10:53:06 IST" duration-ms="1" status="PASS">
          <reporter-output>
          </reporter-output>
        </test-method> <!-- browserSetup -->
        <test-method signature="main()[pri:1, instance:test_Scripts.SE002@2cb4893b]" started-at="2023-09-12T10:53:06 IST" name="main" finished-at="2023-09-12T10:53:17 IST" duration-ms="10478" status="PASS">
          <reporter-output>
          </reporter-output>
        </test-method> <!-- main -->
        <test-method is-config="true" signature="CloseApp()[pri:0, instance:test_Scripts.SE002@2cb4893b]" started-at="2023-09-12T10:53:17 IST" name="CloseApp" finished-at="2023-09-12T10:53:18 IST" duration-ms="637" status="PASS">
          <reporter-output>
          </reporter-output>
        </test-method> <!-- CloseApp -->
      </class> <!-- test_Scripts.SE002 -->
      <class name="test_Scripts.HM002">
        <test-method is-config="true" signature="browserSetup()[pri:0, instance:test_Scripts.HM002@68c9133c]" started-at="2023-09-12T10:51:55 IST" name="browserSetup" finished-at="2023-09-12T10:51:55 IST" duration-ms="1" status="PASS">
          <reporter-output>
          </reporter-output>
        </test-method> <!-- browserSetup -->
        <test-method signature="main()[pri:1, instance:test_Scripts.HM002@68c9133c]" started-at="2023-09-12T10:51:55 IST" name="main" finished-at="2023-09-12T10:52:24 IST" duration-ms="28990" status="PASS">
          <reporter-output>
          </reporter-output>
        </test-method> <!-- main -->
        <test-method is-config="true" signature="CloseApp()[pri:0, instance:test_Scripts.HM002@68c9133c]" started-at="2023-09-12T10:52:24 IST" name="CloseApp" finished-at="2023-09-12T10:52:25 IST" duration-ms="847" status="PASS">
          <reporter-output>
          </reporter-output>
        </test-method> <!-- CloseApp -->
      </class> <!-- test_Scripts.HM002 -->
      <class name="test_Scripts.HM001">
        <test-method is-config="true" signature="beforeSuite()[pri:0, instance:test_Scripts.HM001@5f049ea1]" started-at="2023-09-12T10:51:35 IST" name="beforeSuite" finished-at="2023-09-12T10:51:35 IST" duration-ms="473" status="PASS">
          <reporter-output>
          </reporter-output>
        </test-method> <!-- beforeSuite -->
        <test-method is-config="true" signature="browserSetup()[pri:0, instance:test_Scripts.HM001@5f049ea1]" started-at="2023-09-12T10:51:35 IST" name="browserSetup" finished-at="2023-09-12T10:51:35 IST" duration-ms="0" status="PASS">
          <reporter-output>
          </reporter-output>
        </test-method> <!-- browserSetup -->
        <test-method signature="VerifyTheFunctionalityOfCategoriesForNonLoggedInUser()[pri:1, instance:test_Scripts.HM001@5f049ea1]" started-at="2023-09-12T10:51:35 IST" name="VerifyTheFunctionalityOfCategoriesForNonLoggedInUser" finished-at="2023-09-12T10:51:54 IST" duration-ms="19046" status="PASS">
          <reporter-output>
          </reporter-output>
        </test-method> <!-- VerifyTheFunctionalityOfCategoriesForNonLoggedInUser -->
        <test-method is-config="true" signature="CloseApp()[pri:0, instance:test_Scripts.HM001@5f049ea1]" started-at="2023-09-12T10:51:54 IST" name="CloseApp" finished-at="2023-09-12T10:51:55 IST" duration-ms="764" status="PASS">
          <reporter-output>
          </reporter-output>
        </test-method> <!-- CloseApp -->
        <test-method is-config="true" signature="afterSuite()[pri:0, instance:test_Scripts.HM001@5f049ea1]" started-at="2023-09-12T11:14:48 IST" name="afterSuite" finished-at="2023-09-12T11:14:50 IST" duration-ms="1487" status="PASS">
          <reporter-output>
          </reporter-output>
        </test-method> <!-- afterSuite -->
      </class> <!-- test_Scripts.HM001 -->
      <class name="test_Scripts.HM055">
        <test-method is-config="true" signature="browserSetup()[pri:0, instance:test_Scripts.HM055@5e2c3d18]" started-at="2023-09-12T10:52:51 IST" name="browserSetup" finished-at="2023-09-12T10:52:51 IST" duration-ms="1" status="PASS">
          <reporter-output>
          </reporter-output>
        </test-method> <!-- browserSetup -->
        <test-method signature="main()[pri:1, instance:test_Scripts.HM055@5e2c3d18]" started-at="2023-09-12T10:52:51 IST" name="main" finished-at="2023-09-12T10:53:06 IST" duration-ms="14363" status="PASS">
          <reporter-output>
          </reporter-output>
        </test-method> <!-- main -->
        <test-method is-config="true" signature="CloseApp()[pri:0, instance:test_Scripts.HM055@5e2c3d18]" started-at="2023-09-12T10:53:06 IST" name="CloseApp" finished-at="2023-09-12T10:53:06 IST" duration-ms="687" status="PASS">
          <reporter-output>
          </reporter-output>
        </test-method> <!-- CloseApp -->
      </class> <!-- test_Scripts.HM055 -->
      <class name="test_Scripts.HM022">
        <test-method is-config="true" signature="browserSetup()[pri:0, instance:test_Scripts.HM022@7a35b0f5]" started-at="2023-09-12T10:52:25 IST" name="browserSetup" finished-at="2023-09-12T10:52:25 IST" duration-ms="0" status="PASS">
          <reporter-output>
          </reporter-output>
        </test-method> <!-- browserSetup -->
        <test-method signature="main()[pri:1, instance:test_Scripts.HM022@7a35b0f5]" started-at="2023-09-12T10:52:25 IST" name="main" finished-at="2023-09-12T10:52:51 IST" duration-ms="25735" status="PASS">
          <reporter-output>
          </reporter-output>
        </test-method> <!-- main -->
        <test-method is-config="true" signature="CloseApp()[pri:0, instance:test_Scripts.HM022@7a35b0f5]" started-at="2023-09-12T10:52:51 IST" name="CloseApp" finished-at="2023-09-12T10:52:51 IST" duration-ms="781" status="PASS">
          <reporter-output>
          </reporter-output>
        </test-method> <!-- CloseApp -->
      </class> <!-- test_Scripts.HM022 -->
      <class name="test_Scripts.PLP_Web.PLP050">
        <test-method is-config="true" signature="browserSetup()[pri:0, instance:test_Scripts.PLP_Web.PLP050@413d1baf]" started-at="2023-09-12T10:58:03 IST" name="browserSetup" finished-at="2023-09-12T10:58:03 IST" duration-ms="1" status="PASS">
          <reporter-output>
          </reporter-output>
        </test-method> <!-- browserSetup -->
        <test-method signature="main()[pri:0, instance:test_Scripts.PLP_Web.PLP050@413d1baf]" started-at="2023-09-12T10:58:03 IST" name="main" finished-at="2023-09-12T10:58:11 IST" duration-ms="8065" status="PASS">
          <reporter-output>
          </reporter-output>
        </test-method> <!-- main -->
        <test-method is-config="true" signature="CloseApp()[pri:0, instance:test_Scripts.PLP_Web.PLP050@413d1baf]" started-at="2023-09-12T10:58:11 IST" name="CloseApp" finished-at="2023-09-12T10:58:12 IST" duration-ms="510" status="PASS">
          <reporter-output>
          </reporter-output>
        </test-method> <!-- CloseApp -->
      </class> <!-- test_Scripts.PLP_Web.PLP050 -->
      <class name="test_Scripts.Login_Web.LO002_Verify_user_is_able_to_login_to_application">
        <test-method signature="main()[pri:0, instance:test_Scripts.Login_Web.LO002_Verify_user_is_able_to_login_to_application@6fa51cd4]" started-at="2023-09-12T11:10:59 IST" name="main" finished-at="2023-09-12T11:11:37 IST" duration-ms="38164" status="PASS">
          <reporter-output>
          </reporter-output>
        </test-method> <!-- main -->
        <test-method is-config="true" signature="browserSetup()[pri:0, instance:test_Scripts.Login_Web.LO002_Verify_user_is_able_to_login_to_application@6fa51cd4]" started-at="2023-09-12T11:10:59 IST" name="browserSetup" finished-at="2023-09-12T11:10:59 IST" duration-ms="0" status="PASS">
          <reporter-output>
          </reporter-output>
        </test-method> <!-- browserSetup -->
        <test-method is-config="true" signature="CloseApp()[pri:0, instance:test_Scripts.Login_Web.LO002_Verify_user_is_able_to_login_to_application@6fa51cd4]" started-at="2023-09-12T11:11:37 IST" name="CloseApp" finished-at="2023-09-12T11:11:38 IST" duration-ms="807" status="PASS">
          <reporter-output>
          </reporter-output>
        </test-method> <!-- CloseApp -->
      </class> <!-- test_Scripts.Login_Web.LO002_Verify_user_is_able_to_login_to_application -->
      <class name="test_Scripts.PLP_Web.PLP060">
        <test-method is-config="true" signature="browserSetup()[pri:0, instance:test_Scripts.PLP_Web.PLP060@1a75e76a]" started-at="2023-09-12T10:59:50 IST" name="browserSetup" finished-at="2023-09-12T10:59:50 IST" duration-ms="0" status="PASS">
          <reporter-output>
          </reporter-output>
        </test-method> <!-- browserSetup -->
        <test-method signature="main()[pri:0, instance:test_Scripts.PLP_Web.PLP060@1a75e76a]" started-at="2023-09-12T10:59:50 IST" name="main" finished-at="2023-09-12T11:00:46 IST" duration-ms="56148" status="PASS">
          <reporter-output>
          </reporter-output>
        </test-method> <!-- main -->
        <test-method is-config="true" signature="CloseApp()[pri:0, instance:test_Scripts.PLP_Web.PLP060@1a75e76a]" started-at="2023-09-12T11:00:46 IST" name="CloseApp" finished-at="2023-09-12T11:00:47 IST" duration-ms="807" status="PASS">
          <reporter-output>
          </reporter-output>
        </test-method> <!-- CloseApp -->
      </class> <!-- test_Scripts.PLP_Web.PLP060 -->
      <class name="test_Scripts.PLP_Web.PLP091">
        <test-method is-config="true" signature="browserSetup()[pri:0, instance:test_Scripts.PLP_Web.PLP091@273444fe]" started-at="2023-09-12T10:58:22 IST" name="browserSetup" finished-at="2023-09-12T10:58:22 IST" duration-ms="0" status="PASS">
          <reporter-output>
          </reporter-output>
        </test-method> <!-- browserSetup -->
        <test-method signature="main()[pri:0, instance:test_Scripts.PLP_Web.PLP091@273444fe]" started-at="2023-09-12T10:58:22 IST" name="main" finished-at="2023-09-12T10:58:58 IST" duration-ms="36279" status="PASS">
          <reporter-output>
          </reporter-output>
        </test-method> <!-- main -->
        <test-method is-config="true" signature="CloseApp()[pri:0, instance:test_Scripts.PLP_Web.PLP091@273444fe]" started-at="2023-09-12T10:58:58 IST" name="CloseApp" finished-at="2023-09-12T10:58:59 IST" duration-ms="872" status="PASS">
          <reporter-output>
          </reporter-output>
        </test-method> <!-- CloseApp -->
      </class> <!-- test_Scripts.PLP_Web.PLP091 -->
    </test> <!-- Test -->
  </suite> <!-- Suite -->
</testng-results>
